<?xml version="1.0" encoding="UTF-8"?>
<!-- Generated by org.testng.reporters.JUnitReportReporter -->
<testsuite hostname="Patel-G" failures="0" tests="1" name="AdvanceReporting.AdvReportingWithSS" time="7.478" errors="0" timestamp="2024-06-25T10:25:52 IST" skipped="0">
  <testcase classname="AdvanceReporting.AdvReportingWithSS" name="appTitleTest" time="7.478"/>
  <system-out/>
</testsuite> <!-- AdvanceReporting.AdvReportingWithSS -->
