<?xml version="1.0" encoding="UTF-8"?>
<!-- Generated by org.testng.reporters.JUnitReportReporter -->
<testsuite hostname="Patel-G" failures="0" tests="1" name="screenshotSample.screenshotTest" time="11.964" errors="0" timestamp="2024-06-22T10:33:36 IST" skipped="0">
  <testcase classname="screenshotSample.screenshotTest" name="amazonHomeScreenshot" time="11.964"/>
  <system-out/>
</testsuite> <!-- screenshotSample.screenshotTest -->
