<?xml version="1.0" encoding="UTF-8"?>
<!-- Generated by org.testng.reporters.JUnitReportReporter -->
<testsuite hostname="Patel-G" failures="0" tests="1" name="AdvanceReporting.AdvReportingWithSS_2_0" time="41.373" errors="0" timestamp="2024-06-24T22:05:06 IST" skipped="0">
  <testcase classname="AdvanceReporting.AdvReportingWithSS_2_0" name="appTitleTest" time="41.373"/>
  <system-out/>
</testsuite> <!-- AdvanceReporting.AdvReportingWithSS_2_0 -->
