<?xml version="1.0" encoding="UTF-8"?>
<!-- Generated by org.testng.reporters.JUnitReportReporter -->
<testsuite hostname="Patel-G" failures="0" tests="1" name="AdvanceReporting.AdvanceReportingRealTime" time="11.105" errors="0" timestamp="2024-06-23T23:32:10 IST" skipped="0">
  <testcase classname="AdvanceReporting.AdvanceReportingRealTime" name="navigateApp" time="11.105"/>
  <system-out/>
</testsuite> <!-- AdvanceReporting.AdvanceReportingRealTime -->
