<?xml version="1.0" encoding="UTF-8"?>
<!-- Generated by org.testng.reporters.JUnitReportReporter -->
<testsuite hostname="Patel-G" failures="0" tests="1" name="AdvanceReporting.advanceReportingTest" time="0.610" errors="0" timestamp="2024-06-24T11:30:46 IST" skipped="0">
  <testcase classname="AdvanceReporting.advanceReportingTest" name="sampleTest" time="0.610"/>
  <system-out/>
</testsuite> <!-- AdvanceReporting.advanceReportingTest -->
