<?xml version="1.0" encoding="UTF-8"?>
<!-- Generated by org.testng.reporters.JUnitReportReporter -->
<testsuite hostname="Patel-G" failures="0" tests="1" name="practice.testng.dataProviderTAsk" time="1.740" errors="0" timestamp="2024-06-14T11:47:47 IST" skipped="0">
  <testcase classname="practice.testng.dataProviderTAsk" name="test1" time="1.740"/>
  <system-out/>
</testsuite> <!-- practice.testng.dataProviderTAsk -->
