<?xml version="1.0" encoding="UTF-8"?>
<!-- Generated by org.testng.reporters.JUnitReportReporter -->
<testsuite hostname="Patel-G" failures="0" tests="1" name="pom.simpleClassWithPom" time="13.139" errors="0" timestamp="2024-06-07T12:39:33 IST" skipped="0">
  <testcase classname="pom.simpleClassWithPom" name="simplePom" time="13.139"/>
  <system-out/>
</testsuite> <!-- pom.simpleClassWithPom -->
