<?xml version="1.0" encoding="UTF-8"?>
<!-- Generated by org.testng.reporters.JUnitReportReporter -->
<testsuite hostname="Patel-G" failures="0" tests="1" name="ArrayPrograms.ArrayPrograms" time="3.357" errors="0" timestamp="2024-10-03T12:58:25 IST" skipped="0">
  <testcase classname="ArrayPrograms.ArrayPrograms" name="leftShiftArray" time="3.357"/>
  <system-out/>
</testsuite> <!-- ArrayPrograms.ArrayPrograms -->
