<?xml version="1.0" encoding="UTF-8"?>
<!-- Generated by org.testng.reporters.JUnitReportReporter -->
<testsuite hostname="Patel-G" failures="0" tests="1" name="Numbers.Powers" time="5.768" errors="0" timestamp="2024-07-29T22:17:53 IST" skipped="0">
  <testcase classname="Numbers.Powers" name="powerOfValue" time="5.768"/>
  <system-out/>
</testsuite> <!-- Numbers.Powers -->
