<?xml version="1.0" encoding="UTF-8"?>
<!-- Generated by org.testng.reporters.JUnitReportReporter -->
<testsuite hostname="Patel-G" failures="0" tests="1" name="StringPromrams.StringPrograms" time="0.015" errors="0" timestamp="2024-10-04T18:27:58 IST" skipped="0">
  <testcase classname="StringPromrams.StringPrograms" name="anagramString2" time="0.015"/>
  <system-out/>
</testsuite> <!-- StringPromrams.StringPrograms -->
