<?xml version="1.0" encoding="UTF-8"?>
<!-- Generated by org.testng.reporters.JUnitReportReporter -->
<testsuite hostname="Patel-G" failures="0" tests="1" name="CollectionsPrograms.CollectionPrograms" time="0.018" errors="0" timestamp="2024-07-24T16:01:13 IST" skipped="0">
  <testcase classname="CollectionsPrograms.CollectionPrograms" name="frequencyOfElementInArrayList2" time="0.018"/>
  <system-out/>
</testsuite> <!-- CollectionsPrograms.CollectionPrograms -->
