<?xml version="1.0" encoding="UTF-8"?>
<!-- Generated by org.testng.reporters.JUnitReportReporter -->
<testsuite hostname="Patel-G" failures="0" tests="1" name="StringPromrams.RegexPrograms" time="0.024" errors="0" timestamp="2024-09-25T22:37:15 IST" skipped="0">
  <testcase classname="StringPromrams.RegexPrograms" name="aphabetsInString2" time="0.024"/>
  <system-out/>
</testsuite> <!-- StringPromrams.RegexPrograms -->
