<?xml version="1.0" encoding="UTF-8"?>
<!-- Generated by org.testng.reporters.JUnitReportReporter -->
<testsuite hostname="Patel-G" failures="0" tests="1" name="CollectionsPrograms.Programs" time="0.019" errors="0" timestamp="2024-07-24T10:07:41 IST" skipped="0">
  <testcase classname="CollectionsPrograms.Programs" name="lengthofArray" time="0.019"/>
  <system-out/>
</testsuite> <!-- CollectionsPrograms.Programs -->
