<?xml version="1.0" encoding="UTF-8"?>
<!-- Generated by org.testng.reporters.JUnitReportReporter -->
<testsuite hostname="Patel-G" failures="0" tests="1" name="StringPromrams.Practice" time="0.017" errors="0" timestamp="2024-09-20T14:53:09 IST" skipped="0">
  <testcase classname="StringPromrams.Practice" name="regX_Problem3" time="0.017"/>
  <system-out/>
</testsuite> <!-- StringPromrams.Practice -->
