<?xml version="1.0" encoding="UTF-8"?>
<!-- Generated by org.testng.reporters.JUnitReportReporter -->
<testsuite hostname="Patel-G" failures="0" tests="1" name="Numbers.Factorial" time="4.494" errors="0" timestamp="2024-07-29T22:09:10 IST" skipped="0">
  <testcase classname="Numbers.Factorial" name="factorialOfNumber" time="4.494"/>
  <system-out/>
</testsuite> <!-- Numbers.Factorial -->
