<?xml version="1.0" encoding="UTF-8"?>
<!-- Generated by org.testng.reporters.JUnitReportReporter -->
<testsuite hostname="Patel-G" failures="0" tests="1" name="MatricsArray.AdditionOfMatrics" time="0.019" errors="0" timestamp="2024-10-03T15:08:52 IST" skipped="0">
  <testcase classname="MatricsArray.AdditionOfMatrics" name="additionOfMatrics" time="0.019"/>
  <system-out/>
</testsuite> <!-- MatricsArray.AdditionOfMatrics -->
