<?xml version="1.0" encoding="UTF-8"?>
<!-- Generated by org.testng.reporters.JUnitReportReporter -->
<testsuite hostname="Patel-G" failures="0" tests="1" name="Patterns.Hearts" time="0.013" errors="0" timestamp="2024-08-10T12:45:09 IST" skipped="0">
  <testcase classname="Patterns.Hearts" name="heartPattern" time="0.013"/>
  <system-out/>
</testsuite> <!-- Patterns.Hearts -->
