<?xml version="1.0" encoding="UTF-8"?>
<!-- Generated by org.testng.reporters.JUnitReportReporter -->
<testsuite hostname="Patel-G" failures="0" tests="1" name="Patterns.Patterns" time="0.015" errors="0" timestamp="2024-08-24T13:10:19 IST" skipped="0">
  <testcase classname="Patterns.Patterns" name="pascalTriangle" time="0.015"/>
  <system-out/>
</testsuite> <!-- Patterns.Patterns -->
