<?xml version="1.0" encoding="UTF-8"?>
<!-- Generated by org.testng.reporters.JUnitReportReporter -->
<testsuite hostname="Patel-G" failures="0" tests="1" name="Patterns.TrianglePatterns" time="0.016" errors="0" timestamp="2024-08-24T15:00:00 IST" skipped="0">
  <testcase classname="Patterns.TrianglePatterns" name="basicTriangle" time="0.016"/>
  <system-out/>
</testsuite> <!-- Patterns.TrianglePatterns -->
