<?xml version="1.0" encoding="UTF-8"?>
<!-- Generated by org.testng.reporters.JUnitReportReporter -->
<testsuite hostname="Patel-G" failures="0" tests="1" name="Patterns.StarPatterns" time="0.018" errors="0" timestamp="2024-08-24T14:45:52 IST" skipped="0">
  <testcase classname="Patterns.StarPatterns" name="rightAngleTraingleLeft" time="0.018"/>
  <system-out/>
</testsuite> <!-- Patterns.StarPatterns -->
