<?xml version="1.0" encoding="UTF-8"?>
<!-- Generated by org.testng.reporters.JUnitReportReporter -->
<testsuite hostname="Patel-G" failures="0" tests="1" name="MatricsArray.Transpose" time="0.015" errors="0" timestamp="2024-08-30T11:56:01 IST" skipped="0">
  <testcase classname="MatricsArray.Transpose" name="transposeOfMatrix2" time="0.015"/>
  <system-out/>
</testsuite> <!-- MatricsArray.Transpose -->
