<?xml version="1.0" encoding="UTF-8"?>
<!-- Generated by org.testng.reporters.JUnitReportReporter -->
<testsuite hostname="Patel-G" failures="0" tests="1" name="Numbers.ReverseTheNumber" time="0.023" errors="0" timestamp="2024-07-29T22:42:44 IST" skipped="0">
  <testcase classname="Numbers.ReverseTheNumber" name="reverseTheNumber" time="0.023"/>
  <system-out/>
</testsuite> <!-- Numbers.ReverseTheNumber -->
