<?xml version="1.0" encoding="UTF-8"?>
<!-- Generated by org.testng.reporters.JUnitReportReporter -->
<testsuite hostname="Patel-G" failures="0" tests="1" name="Patterns.TranglePatterns" time="0.015" errors="0" timestamp="2024-08-24T15:11:35 IST" skipped="0">
  <testcase classname="Patterns.TranglePatterns" name="basicTriangle" time="0.015"/>
  <system-out/>
</testsuite> <!-- Patterns.TranglePatterns -->
