<?xml version="1.0" encoding="UTF-8"?>
<!-- Generated by org.testng.reporters.JUnitReportReporter -->
<testsuite hostname="Patel-G" failures="0" tests="1" name="Numbers.SwapNumbers" time="0.016" errors="0" timestamp="2024-07-29T22:25:42 IST" skipped="0">
  <testcase classname="Numbers.SwapNumbers" name="swapNumbersWithoutThirdVar" time="0.016"/>
  <system-out/>
</testsuite> <!-- Numbers.SwapNumbers -->
